Log file open, 01/06/19 13:58:51
LogWindows: Failed to load 'aqProf.dll' (GetLastError=126)
LogWindows: File 'aqProf.dll' does not exist
LogWindows: Failed to load 'VtuneApi.dll' (GetLastError=126)
LogWindows: File 'VtuneApi.dll' does not exist
LogWindows: Failed to load 'VtuneApi32e.dll' (GetLastError=126)
LogWindows: File 'VtuneApi32e.dll' does not exist
LogConsoleResponse: Display: Failed to find resolution value strings in scalability ini. Falling back to default.
LogInit: Display: Running engine for game: GameProject
LogPakFile: Registered encryption key '00000000000000000000000000000000': 0 pak files mounted, 0 remain pending
LogPlatformFile: Not using cached read wrapper
LogTaskGraph: Started task graph with 5 named threads and 23 total threads with 3 sets of task threads.
LogStats: Stats thread started at 0.279606
LogD3D11RHI: Loaded GFSDK_Aftermath_Lib.x64.dll
LogICUInternationalization: ICU TimeZone Detection - Raw Offset: +1:00, Platform Override: ''
LogPluginManager: Mounting plugin Paper2D
LogPluginManager: Mounting plugin AISupport
LogPluginManager: Mounting plugin LightPropagationVolume
LogPluginManager: Mounting plugin ActorLayerUtilities
LogPluginManager: Mounting plugin CLionSourceCodeAccess
LogPluginManager: Mounting plugin CodeLiteSourceCodeAccess
LogPluginManager: Mounting plugin GitSourceControl
LogPluginManager: Mounting plugin KDevelopSourceCodeAccess
LogPluginManager: Mounting plugin NullSourceCodeAccess
LogPluginManager: Mounting plugin PerforceSourceControl
LogPluginManager: Mounting plugin SubversionSourceControl
LogPluginManager: Mounting plugin UObjectPlugin
LogPluginManager: Mounting plugin VisualStudioCodeSourceCodeAccess
LogPluginManager: Mounting plugin VisualStudioSourceCodeAccess
LogPluginManager: Mounting plugin XCodeSourceCodeAccess
LogPluginManager: Mounting plugin AssetManagerEditor
LogPluginManager: Mounting plugin CryptoKeys
LogPluginManager: Mounting plugin DataValidation
LogPluginManager: Mounting plugin FacialAnimation
LogPluginManager: Mounting plugin GameplayTagsEditor
LogPluginManager: Mounting plugin MacGraphicsSwitching
LogPluginManager: Mounting plugin MeshEditor
LogPluginManager: Mounting plugin MobileLauncherProfileWizard
LogPluginManager: Mounting plugin PluginBrowser
LogPluginManager: Mounting plugin SpeedTreeImporter
LogPluginManager: Mounting plugin DatasmithContent
LogPluginManager: Mounting plugin VariantManagerContent
LogPluginManager: Mounting plugin AlembicImporter
LogPluginManager: Mounting plugin AppleImageUtils
LogPluginManager: Mounting plugin AppleVision
LogPluginManager: Mounting plugin BackChannel
LogPluginManager: Mounting plugin CharacterAI
LogPluginManager: Mounting plugin GeometryCache
LogPluginManager: Mounting plugin HTML5Networking
LogPluginManager: Mounting plugin ProxyLODPlugin
LogPluginManager: Mounting plugin MagicLeap
LogPluginManager: Mounting plugin MagicLeapMedia
LogPluginManager: Mounting plugin AndroidMedia
LogPluginManager: Mounting plugin AvfMedia
LogPluginManager: Mounting plugin ImgMedia
LogPluginManager: Mounting plugin LinearTimecode
LogPluginManager: Mounting plugin MediaCompositing
LogPluginManager: Mounting plugin MediaPlayerEditor
LogPluginManager: Mounting plugin WebMMedia
LogPluginManager: Mounting plugin WmfMedia
LogPluginManager: Mounting plugin TcpMessaging
LogPluginManager: Mounting plugin UdpMessaging
LogPluginManager: Mounting plugin ActorSequence
LogPluginManager: Mounting plugin LevelSequenceEditor
LogPluginManager: Mounting plugin MatineeToLevelSequence
LogPluginManager: Mounting plugin NetcodeUnitTest
LogPluginManager: Mounting plugin NUTUnrealEngine4
LogPluginManager: Mounting plugin OnlineSubsystemGooglePlay
LogPluginManager: Mounting plugin OnlineSubsystemIOS
LogPluginManager: Mounting plugin OnlineSubsystem
LogPluginManager: Mounting plugin OnlineSubsystemNull
LogPluginManager: Mounting plugin OnlineSubsystemUtils
LogPluginManager: Mounting plugin LauncherChunkInstaller
LogPluginManager: Mounting plugin AndroidDeviceProfileSelector
LogPluginManager: Mounting plugin AndroidMoviePlayer
LogPluginManager: Mounting plugin AndroidPermission
LogPluginManager: Mounting plugin AppleMoviePlayer
LogPluginManager: Mounting plugin ArchVisCharacter
LogPluginManager: Mounting plugin AudioCapture
LogPluginManager: Mounting plugin CableComponent
LogPluginManager: Mounting plugin CustomMeshComponent
LogPluginManager: Mounting plugin EditableMesh
LogPluginManager: Mounting plugin ExampleDeviceProfileSelector
LogPluginManager: Mounting plugin Firebase
LogPluginManager: Mounting plugin GoogleCloudMessaging
LogPluginManager: Mounting plugin IOSDeviceProfileSelector
LogPluginManager: Mounting plugin LinuxDeviceProfileSelector
LogPluginManager: Mounting plugin LocationServicesBPLibrary
LogPluginManager: Mounting plugin MobilePatchingUtils
LogPluginManager: Mounting plugin OculusVR
LogPluginManager: Mounting plugin PhysXVehicles
LogPluginManager: Mounting plugin ProceduralMeshComponent
LogPluginManager: Mounting plugin RuntimePhysXCooking
LogPluginManager: Mounting plugin WebMMoviePlayer
LogPluginManager: Mounting plugin WindowsMoviePlayer
LogStreaming: Display: Took  0.076s to configure plugins.
LogInit: Using libcurl 7.55.1-DEV
LogInit:  - built for x86_64-pc-win32
LogInit:  - supports SSL with OpenSSL/1.0.2h
LogInit:  - supports HTTP deflate (compression) using libz 1.2.8
LogInit:  - other features:
LogInit:      CURL_VERSION_SSL
LogInit:      CURL_VERSION_LIBZ
LogInit:      CURL_VERSION_IPV6
LogInit:      CURL_VERSION_ASYNCHDNS
LogInit:      CURL_VERSION_LARGEFILE
LogInit:      CURL_VERSION_IDN
LogInit:  CurlRequestOptions (configurable via config and command line):
LogInit:  - bVerifyPeer = true  - Libcurl will verify peer certificate
LogInit:  - bUseHttpProxy = false  - Libcurl will NOT use HTTP proxy
LogInit:  - bDontReuseConnections = false  - Libcurl will reuse connections
LogInit:  - MaxHostConnections = 16  - Libcurl will limit the number of connections to a host
LogInit:  - LocalHostAddr = Default
LogInit:  - BufferSize = 65536
LogInit: WinSock: version 1.1 (2.2), MaxSocks=32767, MaxUdp=65467
LogInit: Build: ++UE4+Release-4.21-CL-4613538
LogInit: Engine Version: 4.21.1-4613538+++UE4+Release-4.21
LogInit: Compatible Engine Version: 4.21.0-4541578+++UE4+Release-4.21
LogInit: Net CL: 4541578
LogInit: OS: Windows 10 (), CPU: Intel(R) Core(TM) i7-6700 CPU @ 3.40GHz, GPU: NVIDIA GeForce GTX 1060 6GB
LogInit: Compiled (64-bit): Nov 30 2018 04:13:25
LogInit: Compiled with Visual C++: 19.13.26129.00
LogInit: Build Configuration: Development
LogInit: Branch Name: ++UE4+Release-4.21
LogInit: Command Line:  -EpicPortal -epicusername=PLT_Sylent -epicuserid=67eaa573d8b640d2bd10ba1a56b07e5c -epiclocale=en
LogInit: Base Directory: C:/Program Files/Epic Games/UE_4.21/Engine/Binaries/Win64/
LogInit: Installed Engine Build: 1
LogDevObjectVersion: Number of dev versions registered: 22
LogDevObjectVersion:   Dev-Blueprints (B0D832E4-1F89-4F0D-ACCF-7EB736FD4AA2): 10
LogDevObjectVersion:   Dev-Build (E1C64328-A22C-4D53-A36C-8E866417BD8C): 0
LogDevObjectVersion:   Dev-Core (375EC13C-06E4-48FB-B500-84F0262A717E): 2
LogDevObjectVersion:   Dev-Editor (E4B068ED-F494-42E9-A231-DA0B2E46BB41): 26
LogDevObjectVersion:   Dev-Framework (CFFC743F-43B0-4480-9391-14DF171D2073): 34
LogDevObjectVersion:   Dev-Mobile (B02B49B5-BB20-44E9-A304-32B752E40360): 2
LogDevObjectVersion:   Dev-Networking (A4E4105C-59A1-49B5-A7C5-40C4547EDFEE): 0
LogDevObjectVersion:   Dev-Online (39C831C9-5AE6-47DC-9A44-9C173E1C8E7C): 0
LogDevObjectVersion:   Dev-Physics (78F01B33-EBEA-4F98-B9B4-84EACCB95AA2): 0
LogDevObjectVersion:   Dev-Platform (6631380F-2D4D-43E0-8009-CF276956A95A): 0
LogDevObjectVersion:   Dev-Rendering (12F88B9F-8875-4AFC-A67C-D90C383ABD29): 27
LogDevObjectVersion:   Dev-Sequencer (7B5AE74C-D270-4C10-A958-57980B212A5A): 9
LogDevObjectVersion:   Dev-VR (D7296918-1DD6-4BDD-9DE2-64A83CC13884): 2
LogDevObjectVersion:   Dev-LoadTimes (C2A15278-BFE7-4AFE-6C17-90FF531DF755): 1
LogDevObjectVersion:   Private-Geometry (6EACA3D4-40EC-4CC1-B786-8BED09428FC5): 3
LogDevObjectVersion:   Dev-AnimPhys (29E575DD-E0A3-4627-9D10-D276232CDCEA): 17
LogDevObjectVersion:   Dev-Anim (AF43A65D-7FD3-4947-9873-3E8ED9C1BB05): 2
LogDevObjectVersion:   Dev-ReflectionCapture (6B266CEC-1EC7-4B8F-A30B-E4D90942FC07): 1
LogDevObjectVersion:   Dev-Automation (0DF73D61-A23F-47EA-B727-89E90C41499A): 1
LogDevObjectVersion:   FortniteMain (601D1886-AC64-4F84-AA16-D3DE0DEAC7D6): 17
LogDevObjectVersion:   Dev-Enterprise (9DFFBCD6-494F-0158-E221-12823C92A888): 4
LogDevObjectVersion:   Dev-Niagara (F2AED0AC-9AFE-416F-8664-AA7FFA26D6FC): 1
LogStreaming: Display: Took  0.001s to delete old logs.
LogInit: Presizing for max 8388607 objects, including 0 objects not considered by GC, pre-allocating 0 bytes for permanent pool.
LogInit: Object subsystem initialized
LogConfig: Setting CVar [[con.DebugEarlyDefault:1]]
LogConfig: Setting CVar [[r.setres:1280x720]]
[2019.01.06-12.58.51:816][  0]LogConfig: Setting CVar [[r.VSync:0]]
[2019.01.06-12.58.51:816][  0]LogConfig: Setting CVar [[r.RHICmdBypass:0]]
[2019.01.06-12.58.51:816][  0]LogConfig: Applying CVar settings from Section [/Script/Engine.RendererSettings] File [C:/Users/czimb/Documents/Unreal Projects/GameProject/Saved/Config/Windows/Engine.ini]
[2019.01.06-12.58.51:816][  0]LogConfig: Setting CVar [[r.GPUCrashDebugging:0]]
[2019.01.06-12.58.51:816][  0]LogConfig: Applying CVar settings from Section [/Script/Engine.RendererOverrideSettings] File [C:/Users/czimb/Documents/Unreal Projects/GameProject/Saved/Config/Windows/Engine.ini]
[2019.01.06-12.58.51:816][  0]LogConfig: Applying CVar settings from Section [/Script/Engine.StreamingSettings] File [C:/Users/czimb/Documents/Unreal Projects/GameProject/Saved/Config/Windows/Engine.ini]
[2019.01.06-12.58.51:816][  0]LogConfig: Setting CVar [[s.MinBulkDataSizeForAsyncLoading:131072]]
[2019.01.06-12.58.51:816][  0]LogConfig: Setting CVar [[s.AsyncLoadingThreadEnabled:0]]
[2019.01.06-12.58.51:816][  0]LogConfig: Setting CVar [[s.EventDrivenLoaderEnabled:1]]
[2019.01.06-12.58.51:816][  0]LogConfig: Setting CVar [[s.WarnIfTimeLimitExceeded:0]]
[2019.01.06-12.58.51:816][  0]LogConfig: Setting CVar [[s.TimeLimitExceededMultiplier:1.5]]
[2019.01.06-12.58.51:816][  0]LogConfig: Setting CVar [[s.TimeLimitExceededMinTime:0.005]]
[2019.01.06-12.58.51:816][  0]LogConfig: Setting CVar [[s.UseBackgroundLevelStreaming:1]]
[2019.01.06-12.58.51:816][  0]LogConfig: Setting CVar [[s.PriorityAsyncLoadingExtraTime:15.0]]
[2019.01.06-12.58.51:816][  0]LogConfig: Setting CVar [[s.LevelStreamingActorsUpdateTimeLimit:5.0]]
[2019.01.06-12.58.51:816][  0]LogConfig: Setting CVar [[s.PriorityLevelStreamingActorsUpdateExtraTime:5.0]]
[2019.01.06-12.58.51:816][  0]LogConfig: Setting CVar [[s.LevelStreamingComponentsRegistrationGranularity:10]]
[2019.01.06-12.58.51:816][  0]LogConfig: Setting CVar [[s.UnregisterComponentsTimeLimit:1.0]]
[2019.01.06-12.58.51:816][  0]LogConfig: Setting CVar [[s.LevelStreamingComponentsUnregistrationGranularity:5]]
[2019.01.06-12.58.51:816][  0]LogConfig: Applying CVar settings from Section [/Script/Engine.GarbageCollectionSettings] File [C:/Users/czimb/Documents/Unreal Projects/GameProject/Saved/Config/Windows/Engine.ini]
[2019.01.06-12.58.51:817][  0]LogConfig: Setting CVar [[gc.MaxObjectsNotConsideredByGC:1]]
[2019.01.06-12.58.51:817][  0]LogConfig: Setting CVar [[gc.SizeOfPermanentObjectPool:0]]
[2019.01.06-12.58.51:817][  0]LogConfig: Setting CVar [[gc.FlushStreamingOnGC:0]]
[2019.01.06-12.58.51:817][  0]LogConfig: Setting CVar [[gc.NumRetriesBeforeForcingGC:10]]
[2019.01.06-12.58.51:817][  0]LogConfig: Setting CVar [[gc.AllowParallelGC:1]]
[2019.01.06-12.58.51:817][  0]LogConfig: Setting CVar [[gc.TimeBetweenPurgingPendingKillObjects:61.1]]
[2019.01.06-12.58.51:817][  0]LogConfig: Setting CVar [[gc.MaxObjectsInEditor:8388607]]
[2019.01.06-12.58.51:817][  0]LogConfig: Setting CVar [[gc.IncrementalBeginDestroyEnabled:1]]
[2019.01.06-12.58.51:817][  0]LogConfig: Setting CVar [[gc.CreateGCClusters:1]]
[2019.01.06-12.58.51:817][  0]LogConfig: Setting CVar [[gc.MergeGCClusters:0]]
[2019.01.06-12.58.51:817][  0]LogConfig: Setting CVar [[gc.MinGCClusterSize:5]]
[2019.01.06-12.58.51:817][  0]LogConfig: Setting CVar [[gc.ActorClusteringEnabled:0]]
[2019.01.06-12.58.51:817][  0]LogConfig: Setting CVar [[gc.BlueprintClusteringEnabled:0]]
[2019.01.06-12.58.51:817][  0]LogConfig: Setting CVar [[gc.UseDisregardForGCOnDedicatedServers:0]]
[2019.01.06-12.58.51:817][  0]LogConfig: Applying CVar settings from Section [/Script/Engine.NetworkSettings] File [C:/Users/czimb/Documents/Unreal Projects/GameProject/Saved/Config/Windows/Engine.ini]
[2019.01.06-12.58.51:817][  0]LogConfig: Applying CVar settings from Section [/Script/UnrealEd.CookerSettings] File [C:/Users/czimb/Documents/Unreal Projects/GameProject/Saved/Config/Windows/Engine.ini]
[2019.01.06-12.58.51:819][  0]LogConfig: Applying CVar settings from Section [ViewDistanceQuality@3] File [C:/Users/czimb/Documents/Unreal Projects/GameProject/Saved/Config/Windows/Scalability.ini]
[2019.01.06-12.58.51:819][  0]LogConfig: Setting CVar [[r.SkeletalMeshLODBias:0]]
[2019.01.06-12.58.51:819][  0]LogConfig: Setting CVar [[r.ViewDistanceScale:1.0]]
[2019.01.06-12.58.51:819][  0]LogConfig: Applying CVar settings from Section [AntiAliasingQuality@3] File [C:/Users/czimb/Documents/Unreal Projects/GameProject/Saved/Config/Windows/Scalability.ini]
[2019.01.06-12.58.51:819][  0]LogConfig: Setting CVar [[r.PostProcessAAQuality:4]]
[2019.01.06-12.58.51:819][  0]LogConfig: Applying CVar settings from Section [ShadowQuality@3] File [C:/Users/czimb/Documents/Unreal Projects/GameProject/Saved/Config/Windows/Scalability.ini]
[2019.01.06-12.58.51:819][  0]LogConfig: Setting CVar [[r.LightFunctionQuality:1]]
[2019.01.06-12.58.51:819][  0]LogConfig: Setting CVar [[r.ShadowQuality:5]]
[2019.01.06-12.58.51:819][  0]LogConfig: Setting CVar [[r.Shadow.CSM.MaxCascades:10]]
[2019.01.06-12.58.51:819][  0]LogConfig: Setting CVar [[r.Shadow.MaxResolution:2048]]
[2019.01.06-12.58.51:819][  0]LogConfig: Setting CVar [[r.Shadow.MaxCSMResolution:2048]]
[2019.01.06-12.58.51:819][  0]LogConfig: Setting CVar [[r.Shadow.RadiusThreshold:0.01]]
[2019.01.06-12.58.51:819][  0]LogConfig: Setting CVar [[r.Shadow.DistanceScale:1.0]]
[2019.01.06-12.58.51:819][  0]LogConfig: Setting CVar [[r.Shadow.CSM.TransitionScale:1.0]]
[2019.01.06-12.58.51:819][  0]LogConfig: Setting CVar [[r.Shadow.PreShadowResolutionFactor:1.0]]
[2019.01.06-12.58.51:819][  0]LogConfig: Setting CVar [[r.DistanceFieldShadowing:1]]
[2019.01.06-12.58.51:819][  0]LogConfig: Setting CVar [[r.DistanceFieldAO:1]]
[2019.01.06-12.58.51:819][  0]LogConfig: Setting CVar [[r.AOQuality:2]]
[2019.01.06-12.58.51:819][  0]LogConfig: Setting CVar [[r.VolumetricFog:1]]
[2019.01.06-12.58.51:819][  0]LogConfig: Setting CVar [[r.VolumetricFog.GridPixelSize:8]]
[2019.01.06-12.58.51:819][  0]LogConfig: Setting CVar [[r.VolumetricFog.GridSizeZ:128]]
[2019.01.06-12.58.51:819][  0]LogConfig: Setting CVar [[r.VolumetricFog.HistoryMissSupersampleCount:4]]
[2019.01.06-12.58.51:819][  0]LogConfig: Setting CVar [[r.LightMaxDrawDistanceScale:1]]
[2019.01.06-12.58.51:819][  0]LogConfig: Setting CVar [[r.CapsuleShadows:1]]
[2019.01.06-12.58.51:819][  0]LogConfig: Applying CVar settings from Section [PostProcessQuality@3] File [C:/Users/czimb/Documents/Unreal Projects/GameProject/Saved/Config/Windows/Scalability.ini]
[2019.01.06-12.58.51:819][  0]LogConfig: Setting CVar [[r.MotionBlurQuality:4]]
[2019.01.06-12.58.51:819][  0]LogConfig: Setting CVar [[r.AmbientOcclusionMipLevelFactor:0.4]]
[2019.01.06-12.58.51:819][  0]LogConfig: Setting CVar [[r.AmbientOcclusionMaxQuality:100]]
[2019.01.06-12.58.51:819][  0]LogConfig: Setting CVar [[r.AmbientOcclusionLevels:-1]]
[2019.01.06-12.58.51:819][  0]LogConfig: Setting CVar [[r.AmbientOcclusionRadiusScale:1.0]]
[2019.01.06-12.58.51:819][  0]LogConfig: Setting CVar [[r.DepthOfFieldQuality:2]]
[2019.01.06-12.58.51:819][  0]LogConfig: Setting CVar [[r.RenderTargetPoolMin:400]]
[2019.01.06-12.58.51:819][  0]LogConfig: Setting CVar [[r.LensFlareQuality:2]]
[2019.01.06-12.58.51:819][  0]LogConfig: Setting CVar [[r.SceneColorFringeQuality:1]]
[2019.01.06-12.58.51:819][  0]LogConfig: Setting CVar [[r.EyeAdaptationQuality:2]]
[2019.01.06-12.58.51:819][  0]LogConfig: Setting CVar [[r.BloomQuality:5]]
[2019.01.06-12.58.51:819][  0]LogConfig: Setting CVar [[r.FastBlurThreshold:100]]
[2019.01.06-12.58.51:819][  0]LogConfig: Setting CVar [[r.Upscale.Quality:3]]
[2019.01.06-12.58.51:819][  0]LogConfig: Setting CVar [[r.Tonemapper.GrainQuantization:1]]
[2019.01.06-12.58.51:819][  0]LogConfig: Setting CVar [[r.LightShaftQuality:1]]
[2019.01.06-12.58.51:819][  0]LogConfig: Setting CVar [[r.Filter.SizeScale:1]]
[2019.01.06-12.58.51:819][  0]LogConfig: Setting CVar [[r.Tonemapper.Quality:5]]
[2019.01.06-12.58.51:819][  0]LogConfig: Setting CVar [[r.DOF.Gather.AccumulatorQuality:1        ; higher gathering accumulator quality]]
[2019.01.06-12.58.51:819][  0]LogConfig: Setting CVar [[r.DOF.Gather.PostfilterMethod:1          ; Median3x3 postfilering method]]
[2019.01.06-12.58.51:820][  0]LogConfig: Setting CVar [[r.DOF.Gather.EnableBokehSettings:0       ; no bokeh simulation when gathering]]
[2019.01.06-12.58.51:820][  0]LogConfig: Setting CVar [[r.DOF.Gather.RingCount:4                 ; medium number of samples when gathering]]
[2019.01.06-12.58.51:820][  0]LogConfig: Setting CVar [[r.DOF.Scatter.ForegroundCompositing:1    ; additive foreground scattering]]
[2019.01.06-12.58.51:820][  0]LogConfig: Setting CVar [[r.DOF.Scatter.BackgroundCompositing:2    ; additive background scattering]]
[2019.01.06-12.58.51:820][  0]LogConfig: Setting CVar [[r.DOF.Scatter.EnableBokehSettings:1      ; bokeh simulation when scattering]]
[2019.01.06-12.58.51:820][  0]LogConfig: Setting CVar [[r.DOF.Scatter.MaxSpriteRatio:0.1         ; only a maximum of 10% of scattered bokeh]]
[2019.01.06-12.58.51:820][  0]LogConfig: Setting CVar [[r.DOF.Recombine.Quality:1                ; cheap slight out of focus]]
[2019.01.06-12.58.51:820][  0]LogConfig: Setting CVar [[r.DOF.Recombine.EnableBokehSettings:0    ; no bokeh simulation on slight out of focus]]
[2019.01.06-12.58.51:820][  0]LogConfig: Setting CVar [[r.DOF.TemporalAAQuality:1                ; more stable temporal accumulation]]
[2019.01.06-12.58.51:820][  0]LogConfig: Setting CVar [[r.DOF.Kernel.MaxForegroundRadius:0.025]]
[2019.01.06-12.58.51:820][  0]LogConfig: Setting CVar [[r.DOF.Kernel.MaxBackgroundRadius:0.025]]
[2019.01.06-12.58.51:820][  0]LogConfig: Applying CVar settings from Section [TextureQuality@3] File [C:/Users/czimb/Documents/Unreal Projects/GameProject/Saved/Config/Windows/Scalability.ini]
[2019.01.06-12.58.51:820][  0]LogConfig: Setting CVar [[r.Streaming.MipBias:0]]
[2019.01.06-12.58.51:820][  0]LogConfig: Setting CVar [[r.Streaming.AmortizeCPUToGPUCopy:0]]
[2019.01.06-12.58.51:820][  0]LogConfig: Setting CVar [[r.Streaming.MaxNumTexturesToStreamPerFrame:0]]
[2019.01.06-12.58.51:820][  0]LogConfig: Setting CVar [[r.Streaming.Boost:1]]
[2019.01.06-12.58.51:820][  0]LogConfig: Setting CVar [[r.MaxAnisotropy:8]]
[2019.01.06-12.58.51:820][  0]LogConfig: Setting CVar [[r.Streaming.LimitPoolSizeToVRAM:0]]
[2019.01.06-12.58.51:820][  0]LogConfig: Setting CVar [[r.Streaming.PoolSize:1000]]
[2019.01.06-12.58.51:820][  0]LogConfig: Setting CVar [[r.Streaming.MaxEffectiveScreenSize:0]]
[2019.01.06-12.58.51:820][  0]LogConfig: Applying CVar settings from Section [EffectsQuality@3] File [C:/Users/czimb/Documents/Unreal Projects/GameProject/Saved/Config/Windows/Scalability.ini]
[2019.01.06-12.58.51:820][  0]LogConfig: Setting CVar [[r.TranslucencyLightingVolumeDim:64]]
[2019.01.06-12.58.51:820][  0]LogConfig: Setting CVar [[r.RefractionQuality:2]]
[2019.01.06-12.58.51:820][  0]LogConfig: Setting CVar [[r.SSR.Quality:3]]
[2019.01.06-12.58.51:820][  0]LogConfig: Setting CVar [[r.SceneColorFormat:4]]
[2019.01.06-12.58.51:820][  0]LogConfig: Setting CVar [[r.DetailMode:2]]
[2019.01.06-12.58.51:820][  0]LogConfig: Setting CVar [[r.TranslucencyVolumeBlur:1]]
[2019.01.06-12.58.51:820][  0]LogConfig: Setting CVar [[r.MaterialQualityLevel:1 ; High quality]]
[2019.01.06-12.58.51:820][  0]LogConfig: Setting CVar [[r.SSS.Scale:1]]
[2019.01.06-12.58.51:820][  0]LogConfig: Setting CVar [[r.SSS.SampleSet:2]]
[2019.01.06-12.58.51:820][  0]LogConfig: Setting CVar [[r.SSS.Quality:1]]
[2019.01.06-12.58.51:820][  0]LogConfig: Setting CVar [[r.SSS.HalfRes:1]]
[2019.01.06-12.58.51:820][  0]LogConfig: Setting CVar [[r.EmitterSpawnRateScale:1.0]]
[2019.01.06-12.58.51:820][  0]LogConfig: Setting CVar [[r.ParticleLightQuality:2]]
[2019.01.06-12.58.51:820][  0]LogConfig: Applying CVar settings from Section [FoliageQuality@3] File [C:/Users/czimb/Documents/Unreal Projects/GameProject/Saved/Config/Windows/Scalability.ini]
[2019.01.06-12.58.51:820][  0]LogConfig: Setting CVar [[foliage.DensityScale:1.0]]
[2019.01.06-12.58.51:820][  0]LogConfig: Setting CVar [[grass.DensityScale:1.0]]
[2019.01.06-12.58.51:820][  0]LogInit: Selected Device Profile: [Windows]
[2019.01.06-12.58.51:820][  0]LogInit: Applying CVar settings loaded from the selected device profile: [Windows]
[2019.01.06-12.58.51:831][  0]LogHAL: Display: Platform has ~ 16 GB [17118887936 / 17179869184 / 16], which maps to Larger [LargestMinGB=32, LargerMinGB=12, DefaultMinGB=8, SmallerMinGB=6, SmallestMinGB=0)
[2019.01.06-12.58.51:831][  0]LogConfig: Setting CVar [[r.Vulkan.UseRealUBs:1]]
[2019.01.06-12.58.51:831][  0]LogInit: Going up to parent DeviceProfile []
[2019.01.06-12.58.51:831][  0]LogConfig: Applying CVar settings from Section [ViewDistanceQuality@3] File [C:/Users/czimb/Documents/Unreal Projects/GameProject/Saved/Config/Windows/Scalability.ini]
[2019.01.06-12.58.51:831][  0]LogConfig: Setting CVar [[r.SkeletalMeshLODBias:0]]
[2019.01.06-12.58.51:831][  0]LogConfig: Setting CVar [[r.ViewDistanceScale:1.0]]
[2019.01.06-12.58.51:831][  0]LogConfig: Applying CVar settings from Section [AntiAliasingQuality@3] File [C:/Users/czimb/Documents/Unreal Projects/GameProject/Saved/Config/Windows/Scalability.ini]
[2019.01.06-12.58.51:831][  0]LogConfig: Setting CVar [[r.PostProcessAAQuality:4]]
[2019.01.06-12.58.51:831][  0]LogConfig: Applying CVar settings from Section [ShadowQuality@3] File [C:/Users/czimb/Documents/Unreal Projects/GameProject/Saved/Config/Windows/Scalability.ini]
[2019.01.06-12.58.51:831][  0]LogConfig: Setting CVar [[r.LightFunctionQuality:1]]
[2019.01.06-12.58.51:831][  0]LogConfig: Setting CVar [[r.ShadowQuality:5]]
[2019.01.06-12.58.51:831][  0]LogConfig: Setting CVar [[r.Shadow.CSM.MaxCascades:10]]
[2019.01.06-12.58.51:831][  0]LogConfig: Setting CVar [[r.Shadow.MaxResolution:2048]]
[2019.01.06-12.58.51:831][  0]LogConfig: Setting CVar [[r.Shadow.MaxCSMResolution:2048]]
[2019.01.06-12.58.51:831][  0]LogConfig: Setting CVar [[r.Shadow.RadiusThreshold:0.01]]
[2019.01.06-12.58.51:831][  0]LogConfig: Setting CVar [[r.Shadow.DistanceScale:1.0]]
[2019.01.06-12.58.51:831][  0]LogConfig: Setting CVar [[r.Shadow.CSM.TransitionScale:1.0]]
[2019.01.06-12.58.51:831][  0]LogConfig: Setting CVar [[r.Shadow.PreShadowResolutionFactor:1.0]]
[2019.01.06-12.58.51:831][  0]LogConfig: Setting CVar [[r.DistanceFieldShadowing:1]]
[2019.01.06-12.58.51:831][  0]LogConfig: Setting CVar [[r.DistanceFieldAO:1]]
[2019.01.06-12.58.51:831][  0]LogConfig: Setting CVar [[r.AOQuality:2]]
[2019.01.06-12.58.51:831][  0]LogConfig: Setting CVar [[r.VolumetricFog:1]]
[2019.01.06-12.58.51:831][  0]LogConfig: Setting CVar [[r.VolumetricFog.GridPixelSize:8]]
[2019.01.06-12.58.51:831][  0]LogConfig: Setting CVar [[r.VolumetricFog.GridSizeZ:128]]
[2019.01.06-12.58.51:831][  0]LogConfig: Setting CVar [[r.VolumetricFog.HistoryMissSupersampleCount:4]]
[2019.01.06-12.58.51:831][  0]LogConfig: Setting CVar [[r.LightMaxDrawDistanceScale:1]]
[2019.01.06-12.58.51:831][  0]LogConfig: Setting CVar [[r.CapsuleShadows:1]]
[2019.01.06-12.58.51:831][  0]LogConfig: Applying CVar settings from Section [PostProcessQuality@3] File [C:/Users/czimb/Documents/Unreal Projects/GameProject/Saved/Config/Windows/Scalability.ini]
[2019.01.06-12.58.51:831][  0]LogConfig: Setting CVar [[r.MotionBlurQuality:4]]
[2019.01.06-12.58.51:831][  0]LogConfig: Setting CVar [[r.AmbientOcclusionMipLevelFactor:0.4]]
[2019.01.06-12.58.51:832][  0]LogConfig: Setting CVar [[r.AmbientOcclusionMaxQuality:100]]
[2019.01.06-12.58.51:832][  0]LogConfig: Setting CVar [[r.AmbientOcclusionLevels:-1]]
[2019.01.06-12.58.51:832][  0]LogConfig: Setting CVar [[r.AmbientOcclusionRadiusScale:1.0]]
[2019.01.06-12.58.51:832][  0]LogConfig: Setting CVar [[r.DepthOfFieldQuality:2]]
[2019.01.06-12.58.51:832][  0]LogConfig: Setting CVar [[r.RenderTargetPoolMin:400]]
[2019.01.06-12.58.51:832][  0]LogConfig: Setting CVar [[r.LensFlareQuality:2]]
[2019.01.06-12.58.51:832][  0]LogConfig: Setting CVar [[r.SceneColorFringeQuality:1]]
[2019.01.06-12.58.51:832][  0]LogConfig: Setting CVar [[r.EyeAdaptationQuality:2]]
[2019.01.06-12.58.51:832][  0]LogConfig: Setting CVar [[r.BloomQuality:5]]
[2019.01.06-12.58.51:832][  0]LogConfig: Setting CVar [[r.FastBlurThreshold:100]]
[2019.01.06-12.58.51:832][  0]LogConfig: Setting CVar [[r.Upscale.Quality:3]]
[2019.01.06-12.58.51:832][  0]LogConfig: Setting CVar [[r.Tonemapper.GrainQuantization:1]]
[2019.01.06-12.58.51:832][  0]LogConfig: Setting CVar [[r.LightShaftQuality:1]]
[2019.01.06-12.58.51:832][  0]LogConfig: Setting CVar [[r.Filter.SizeScale:1]]
[2019.01.06-12.58.51:832][  0]LogConfig: Setting CVar [[r.Tonemapper.Quality:5]]
[2019.01.06-12.58.51:832][  0]LogConfig: Setting CVar [[r.DOF.Gather.AccumulatorQuality:1        ; higher gathering accumulator quality]]
[2019.01.06-12.58.51:832][  0]LogConfig: Setting CVar [[r.DOF.Gather.PostfilterMethod:1          ; Median3x3 postfilering method]]
[2019.01.06-12.58.51:832][  0]LogConfig: Setting CVar [[r.DOF.Gather.EnableBokehSettings:0       ; no bokeh simulation when gathering]]
[2019.01.06-12.58.51:832][  0]LogConfig: Setting CVar [[r.DOF.Gather.RingCount:4                 ; medium number of samples when gathering]]
[2019.01.06-12.58.51:832][  0]LogConfig: Setting CVar [[r.DOF.Scatter.ForegroundCompositing:1    ; additive foreground scattering]]
[2019.01.06-12.58.51:832][  0]LogConfig: Setting CVar [[r.DOF.Scatter.BackgroundCompositing:2    ; additive background scattering]]
[2019.01.06-12.58.51:832][  0]LogConfig: Setting CVar [[r.DOF.Scatter.EnableBokehSettings:1      ; bokeh simulation when scattering]]
[2019.01.06-12.58.51:832][  0]LogConfig: Setting CVar [[r.DOF.Scatter.MaxSpriteRatio:0.1         ; only a maximum of 10% of scattered bokeh]]
[2019.01.06-12.58.51:832][  0]LogConfig: Setting CVar [[r.DOF.Recombine.Quality:1                ; cheap slight out of focus]]
[2019.01.06-12.58.51:832][  0]LogConfig: Setting CVar [[r.DOF.Recombine.EnableBokehSettings:0    ; no bokeh simulation on slight out of focus]]
[2019.01.06-12.58.51:832][  0]LogConfig: Setting CVar [[r.DOF.TemporalAAQuality:1                ; more stable temporal accumulation]]
[2019.01.06-12.58.51:832][  0]LogConfig: Setting CVar [[r.DOF.Kernel.MaxForegroundRadius:0.025]]
[2019.01.06-12.58.51:832][  0]LogConfig: Setting CVar [[r.DOF.Kernel.MaxBackgroundRadius:0.025]]
[2019.01.06-12.58.51:832][  0]LogConfig: Applying CVar settings from Section [TextureQuality@3] File [C:/Users/czimb/Documents/Unreal Projects/GameProject/Saved/Config/Windows/Scalability.ini]
[2019.01.06-12.58.51:832][  0]LogConfig: Setting CVar [[r.Streaming.MipBias:0]]
[2019.01.06-12.58.51:832][  0]LogConfig: Setting CVar [[r.Streaming.AmortizeCPUToGPUCopy:0]]
[2019.01.06-12.58.51:832][  0]LogConfig: Setting CVar [[r.Streaming.MaxNumTexturesToStreamPerFrame:0]]
[2019.01.06-12.58.51:832][  0]LogConfig: Setting CVar [[r.Streaming.Boost:1]]
[2019.01.06-12.58.51:832][  0]LogConfig: Setting CVar [[r.MaxAnisotropy:8]]
[2019.01.06-12.58.51:832][  0]LogConfig: Setting CVar [[r.Streaming.LimitPoolSizeToVRAM:0]]
[2019.01.06-12.58.51:832][  0]LogConfig: Setting CVar [[r.Streaming.PoolSize:1000]]
[2019.01.06-12.58.51:832][  0]LogConfig: Setting CVar [[r.Streaming.MaxEffectiveScreenSize:0]]
[2019.01.06-12.58.51:832][  0]LogConfig: Applying CVar settings from Section [EffectsQuality@3] File [C:/Users/czimb/Documents/Unreal Projects/GameProject/Saved/Config/Windows/Scalability.ini]
[2019.01.06-12.58.51:832][  0]LogConfig: Setting CVar [[r.TranslucencyLightingVolumeDim:64]]
[2019.01.06-12.58.51:832][  0]LogConfig: Setting CVar [[r.RefractionQuality:2]]
[2019.01.06-12.58.51:832][  0]LogConfig: Setting CVar [[r.SSR.Quality:3]]
[2019.01.06-12.58.51:832][  0]LogConfig: Setting CVar [[r.SceneColorFormat:4]]
[2019.01.06-12.58.51:832][  0]LogConfig: Setting CVar [[r.DetailMode:2]]
[2019.01.06-12.58.51:832][  0]LogConfig: Setting CVar [[r.TranslucencyVolumeBlur:1]]
[2019.01.06-12.58.51:832][  0]LogConfig: Setting CVar [[r.MaterialQualityLevel:1 ; High quality]]
[2019.01.06-12.58.51:832][  0]LogConfig: Setting CVar [[r.SSS.Scale:1]]
[2019.01.06-12.58.51:832][  0]LogConfig: Setting CVar [[r.SSS.SampleSet:2]]
[2019.01.06-12.58.51:832][  0]LogConfig: Setting CVar [[r.SSS.Quality:1]]
[2019.01.06-12.58.51:832][  0]LogConfig: Setting CVar [[r.SSS.HalfRes:1]]
[2019.01.06-12.58.51:832][  0]LogConfig: Setting CVar [[r.EmitterSpawnRateScale:1.0]]
[2019.01.06-12.58.51:832][  0]LogConfig: Setting CVar [[r.ParticleLightQuality:2]]
[2019.01.06-12.58.51:832][  0]LogConfig: Applying CVar settings from Section [FoliageQuality@3] File [C:/Users/czimb/Documents/Unreal Projects/GameProject/Saved/Config/Windows/Scalability.ini]
[2019.01.06-12.58.51:832][  0]LogConfig: Setting CVar [[foliage.DensityScale:1.0]]
[2019.01.06-12.58.51:832][  0]LogConfig: Setting CVar [[grass.DensityScale:1.0]]
[2019.01.06-12.58.51:832][  0]LogConfig: Applying CVar settings from Section [Startup] File [../../../Engine/Config/ConsoleVariables.ini]
[2019.01.06-12.58.51:833][  0]LogConfig: Setting CVar [[net.UseAdaptiveNetUpdateFrequency:0]]
[2019.01.06-12.58.51:833][  0]LogConfig: Applying CVar settings from Section [ConsoleVariables] File [C:/Users/czimb/Documents/Unreal Projects/GameProject/Saved/Config/Windows/Engine.ini]
[2019.01.06-12.58.51:833][  0]LogInit: Computer: DESKTOP-EHKFS7L
[2019.01.06-12.58.51:833][  0]LogInit: User: czimb
[2019.01.06-12.58.51:833][  0]LogInit: CPU Page size=4096, Cores=4
[2019.01.06-12.58.51:833][  0]LogInit: High frequency timer resolution =10.000000 MHz
[2019.01.06-12.58.51:833][  0]LogMemory: Memory total: Physical=15.9GB (16GB approx)
[2019.01.06-12.58.51:833][  0]LogMemory: Platform Memory Stats for Windows
[2019.01.06-12.58.51:833][  0]LogMemory: Process Physical Memory: 101.66 MB used, 101.66 MB peak
[2019.01.06-12.58.51:833][  0]LogMemory: Process Virtual Memory: 91.27 MB used, 91.27 MB peak
[2019.01.06-12.58.51:833][  0]LogMemory: Physical Memory: 6736.97 MB used,  9588.87 MB free, 16325.84 MB total
[2019.01.06-12.58.51:833][  0]LogMemory: Virtual Memory: 4648.55 MB used,  134213080.00 MB free, 134217728.00 MB total
[2019.01.06-12.58.51:850][  0]LogInit: Using OS detected language (hu-HU).
[2019.01.06-12.58.51:850][  0]LogInit: Using OS detected locale (hu-HU).
[2019.01.06-12.58.51:851][  0]LogTextLocalizationManager: No localization for 'hu-HU' exists, so 'en' will be used for the language.
[2019.01.06-12.58.52:232][  0]LogStreaming: Display: Took  0.382s to InitEngineTextLocalization.
[2019.01.06-12.58.52:233][  0]LogInit: Setting process to per monitor DPI aware
[2019.01.06-12.58.52:266][  0]LogSlate: New Slate User Created.  User Index 0, Is Virtual User: 0
[2019.01.06-12.58.52:266][  0]LogSlate: Slate User Registered.  User Index 0, Is Virtual User: 0
[2019.01.06-12.58.52:497][  0]LogD3D11RHI: D3D11 adapters:
[2019.01.06-12.58.52:564][  0]LogD3D11RHI:    0. 'NVIDIA GeForce GTX 1060 6GB' (Feature Level 11_0)
[2019.01.06-12.58.52:564][  0]LogD3D11RHI:       6052/0/8162 MB DedicatedVideo/DedicatedSystem/SharedSystem, Outputs:1, VendorId:0x10de
[2019.01.06-12.58.52:566][  0]LogD3D11RHI:    1. 'Microsoft Basic Render Driver' (Feature Level 11_0)
[2019.01.06-12.58.52:566][  0]LogD3D11RHI:       0/0/8162 MB DedicatedVideo/DedicatedSystem/SharedSystem, Outputs:0, VendorId:0x1414
[2019.01.06-12.58.52:566][  0]LogD3D11RHI: Chosen D3D11 Adapter: 0
[2019.01.06-12.58.52:573][  0]LogD3D11RHI: Creating new Direct3DDevice
[2019.01.06-12.58.52:573][  0]LogD3D11RHI:     GPU DeviceId: 0x1c03 (for the marketing name, search the web for "GPU Device Id")
[2019.01.06-12.58.52:573][  0]LogWindows: EnumDisplayDevices:
[2019.01.06-12.58.52:574][  0]LogWindows:    0. 'NVIDIA GeForce GTX 1060 6GB' (P:1 D:1)
[2019.01.06-12.58.52:574][  0]LogWindows:    1. 'NVIDIA GeForce GTX 1060 6GB' (P:0 D:0)
[2019.01.06-12.58.52:574][  0]LogWindows:    2. 'NVIDIA GeForce GTX 1060 6GB' (P:0 D:0)
[2019.01.06-12.58.52:574][  0]LogWindows:    3. 'NVIDIA GeForce GTX 1060 6GB' (P:0 D:0)
[2019.01.06-12.58.52:574][  0]LogWindows: DebugString: FoundDriverCount:4 
[2019.01.06-12.58.52:574][  0]LogD3D11RHI:     Adapter Name: NVIDIA GeForce GTX 1060 6GB
[2019.01.06-12.58.52:574][  0]LogD3D11RHI:   Driver Version: 417.35 (internal:25.21.14.1735, unified:417.35)
[2019.01.06-12.58.52:575][  0]LogD3D11RHI:      Driver Date: 12-11-2018
[2019.01.06-12.58.52:575][  0]LogRHI: Texture pool is 4236 MB (70% of 6052 MB)
[2019.01.06-12.58.52:613][  0]LogD3D11RHI: Async texture creation enabled
[2019.01.06-12.58.52:644][  0]LogD3D11RHI: GPU Timing Frequency: 1000.000000 (Debug: 2 2)
[2019.01.06-12.58.53:011][  0]LogTemp: Display: Loaded TP AllDesktopTargetPlatform
[2019.01.06-12.58.53:027][  0]LogTemp: Display: Loaded TP MacClientTargetPlatform
[2019.01.06-12.58.53:040][  0]LogTemp: Display: Loaded TP MacNoEditorTargetPlatform
[2019.01.06-12.58.53:054][  0]LogTemp: Display: Loaded TP MacServerTargetPlatform
[2019.01.06-12.58.53:067][  0]LogTemp: Display: Loaded TP MacTargetPlatform
[2019.01.06-12.58.53:081][  0]LogTemp: Display: Loaded TP WindowsClientTargetPlatform
[2019.01.06-12.58.53:093][  0]LogTemp: Display: Loaded TP WindowsNoEditorTargetPlatform
[2019.01.06-12.58.53:106][  0]LogTemp: Display: Loaded TP WindowsServerTargetPlatform
[2019.01.06-12.58.53:112][  0]LogTemp: Display: Loaded TP WindowsTargetPlatform
[2019.01.06-12.58.53:183][  0]LogTemp: Display: Loaded TP AndroidTargetPlatform
[2019.01.06-12.58.53:183][  0]LogTemp: Display: Loaded TP AndroidTargetPlatform
[2019.01.06-12.58.53:183][  0]LogTemp: Display: Loaded TP AndroidTargetPlatform
[2019.01.06-12.58.53:183][  0]LogTemp: Display: Loaded TP AndroidTargetPlatform
[2019.01.06-12.58.53:183][  0]LogTemp: Display: Loaded TP AndroidTargetPlatform
[2019.01.06-12.58.53:183][  0]LogTemp: Display: Loaded TP AndroidTargetPlatform
[2019.01.06-12.58.53:183][  0]LogTemp: Display: Loaded TP AndroidTargetPlatform
[2019.01.06-12.58.53:183][  0]LogTemp: Display: Loaded TP AndroidTargetPlatform
[2019.01.06-12.58.53:183][  0]LogTemp: Display: Loaded TP AndroidTargetPlatform
[2019.01.06-12.58.53:183][  0]LogTemp: Display: Loaded TP AndroidTargetPlatform
[2019.01.06-12.58.53:183][  0]LogTemp: Display: Loaded TP AndroidTargetPlatform
[2019.01.06-12.58.53:183][  0]LogTemp: Display: Loaded TP AndroidTargetPlatform
[2019.01.06-12.58.53:183][  0]LogTemp: Display: Loaded TP AndroidTargetPlatform
[2019.01.06-12.58.53:183][  0]LogTemp: Display: Loaded TP AndroidTargetPlatform
[2019.01.06-12.58.53:183][  0]LogTemp: Display: Loaded TP AndroidTargetPlatform
[2019.01.06-12.58.53:183][  0]LogTemp: Display: Loaded TP AndroidTargetPlatform
[2019.01.06-12.58.53:183][  0]LogTemp: Display: Loaded TP AndroidTargetPlatform
[2019.01.06-12.58.53:183][  0]LogTemp: Display: Loaded TP AndroidTargetPlatform
[2019.01.06-12.58.53:184][  0]LogTemp: Display: Loaded TP HTML5TargetPlatform
[2019.01.06-12.58.53:242][  0]LogTemp: Display: Loaded TP IOSTargetPlatform
[2019.01.06-12.58.53:242][  0]LogTemp: Display: Loaded TP IOSTargetPlatform
[2019.01.06-12.58.53:265][  0]LogTemp: Display: Loaded TP TVOSTargetPlatform
[2019.01.06-12.58.53:265][  0]LogTemp: Display: Loaded TP TVOSTargetPlatform
[2019.01.06-12.58.53:277][  0]LogTemp: Display: Loaded TP LinuxClientTargetPlatform
[2019.01.06-12.58.53:289][  0]LogTemp: Display: Loaded TP LinuxNoEditorTargetPlatform
[2019.01.06-12.58.53:301][  0]LogTemp: Display: Loaded TP LinuxServerTargetPlatform
[2019.01.06-12.58.53:313][  0]LogTemp: Display: Loaded TP LinuxTargetPlatform
[2019.01.06-12.58.53:360][  0]LogTemp: Display: Loaded TP LuminTargetPlatform
[2019.01.06-12.58.53:360][  0]LogTemp: Display: Loaded TP LuminTargetPlatform
[2019.01.06-12.58.53:360][  0]LogTargetPlatformManager: Display: Building Assets For Windows
[2019.01.06-12.58.53:415][  0]LogShaderCompilers: Guid format shader working directory is -21 characters bigger than the processId version (../../../../../../Users/czimb/Documents/Unreal Projects/GameProject/Intermediate/Shaders/WorkingDirectory/1144/).
[2019.01.06-12.58.53:415][  0]LogShaderCompilers: Cleaned the shader compiler working directory 'C:/Users/czimb/AppData/Local/Temp/UnrealShaderWorkingDir/9F28542B4EF9B5A804E4049C9896D7FE/'.
[2019.01.06-12.58.53:417][  0]LogXGEController: Cannot use XGE Controller as Incredibuild is not installed on this machine.
[2019.01.06-12.58.53:418][  0]LogShaderCompilers: Cannot use XGE Shader Compiler as Incredibuild is not installed on this machine.
[2019.01.06-12.58.53:418][  0]LogShaderCompilers: Display: Using Local Shader Compiler.
[2019.01.06-12.58.53:936][  0]LogDerivedDataCache: Display: Max Cache Size: 512 MB
[2019.01.06-12.58.53:985][  0]LogDerivedDataCache: Loaded boot cache 0.05s 71MB C:/Users/czimb/AppData/Local/UnrealEngine/4.21/DerivedDataCache/Boot.ddc.
[2019.01.06-12.58.53:985][  0]LogDerivedDataCache: Display: Loaded Boot cache: C:/Users/czimb/AppData/Local/UnrealEngine/4.21/DerivedDataCache/Boot.ddc
[2019.01.06-12.58.53:985][  0]LogDerivedDataCache: FDerivedDataBackendGraph:  Pak pak cache file ../../../../../../Users/czimb/Documents/Unreal Projects/GameProject/DerivedDataCache/DDC.ddp not found, will not use a pak cache.
[2019.01.06-12.58.53:985][  0]LogDerivedDataCache: Unable to find inner node Pak for hierarchical cache Hierarchy.
[2019.01.06-12.58.53:985][  0]LogDerivedDataCache: FDerivedDataBackendGraph:  CompressedPak pak cache file ../../../../../../Users/czimb/Documents/Unreal Projects/GameProject/DerivedDataCache/Compressed.ddp not found, will not use a pak cache.
[2019.01.06-12.58.53:985][  0]LogDerivedDataCache: Unable to find inner node CompressedPak for hierarchical cache Hierarchy.
[2019.01.06-12.58.53:998][  0]LogDerivedDataCache: Display: Pak cache opened for reading ../../../Engine/DerivedDataCache/Compressed.ddp.
[2019.01.06-12.58.53:998][  0]LogDerivedDataCache: FDerivedDataBackendGraph:  EnterprisePak pak cache file ../../../Enterprise/DerivedDataCache/Compressed.ddp not found, will not use a pak cache.
[2019.01.06-12.58.53:998][  0]LogDerivedDataCache: Unable to find inner node EnterprisePak for hierarchical cache Hierarchy.
[2019.01.06-12.58.54:011][  0]LogDerivedDataCache: Using Local data cache path C:/Users/czimb/AppData/Local/UnrealEngine/Common/DerivedDataCache: Writable
[2019.01.06-12.58.54:011][  0]LogDerivedDataCache: Shared data cache path not found in *engine.ini, will not use an Shared cache.
[2019.01.06-12.58.54:011][  0]LogDerivedDataCache: Unable to find inner node Shared for hierarchical cache Hierarchy.
[2019.01.06-12.58.54:036][  0]LogMaterial: Verifying Global Shaders for PCD3D_SM5
[2019.01.06-12.58.54:037][  0]LogSlate: Using FreeType 2.6.0
[2019.01.06-12.58.54:038][  0]LogSlate: SlateFontServices - WITH_FREETYPE: 1, WITH_HARFBUZZ: 1
[2019.01.06-12.58.54:124][  0]LogAssetRegistry: FAssetRegistry took 0.0330 seconds to start up
[2019.01.06-12.58.54:422][  0]LogInit: Selected Device Profile: [Windows]
[2019.01.06-12.58.54:567][  0]LogSimplygon: Simplygon DLL not present - disabling.
[2019.01.06-12.58.54:570][  0]LogMeshReduction: Using SimplygonSwarm for distributed automatic mesh merging
[2019.01.06-12.58.54:570][  0]LogMeshReduction: Using ProxyLODMeshReduction for automatic mesh merging
[2019.01.06-12.58.54:570][  0]LogMeshReduction: Using QuadricMeshReduction for automatic static mesh reduction
[2019.01.06-12.58.54:570][  0]LogMeshReduction: No automatic skeletal mesh reduction module available
[2019.01.06-12.58.54:585][  0]LogNetVersion: GameProject 1.0.0, NetCL: 4541578, EngineNetVer: 5, GameNetVer: 0 (Checksum: 460041016)
[2019.01.06-12.58.55:049][  0]LogPackageLocalizationCache: Processed 10 localized package path(s) for 1 prioritized culture(s) in 0.043707 seconds
[2019.01.06-12.58.55:056][  0]LogUObjectArray: 39550 objects as part of root set at end of initial load.
[2019.01.06-12.58.55:056][  0]LogUObjectAllocator: 6877128 out of 0 bytes used by permanent object pool.
[2019.01.06-12.58.55:056][  0]LogUObjectArray: CloseDisregardForGC: 0/0 objects in disregard for GC pool
[2019.01.06-12.58.55:863][  0]LogTcpMessaging: Initializing TcpMessaging bridge
[2019.01.06-12.58.55:875][  0]LogUdpMessaging: Initializing bridge on interface 0.0.0.0:0 to multicast group 230.0.0.1:6666.
[2019.01.06-12.58.56:524][  0]SourceControl: Source control is disabled
[2019.01.06-12.58.57:019][  0]LogAndroidPermission: UAndroidPermissionCallbackProxy::GetInstance
[2019.01.06-12.58.57:094][  0]LogOcInput: OculusInput pre-init called
[2019.01.06-12.58.57:225][  0]LogEngine: Initializing Engine...
[2019.01.06-12.58.57:226][  0]LogStats: UGameplayTagsManager::ConstructGameplayTagTree: ImportINI prefixes -  0.000 s
[2019.01.06-12.58.57:226][  0]LogStats: UGameplayTagsManager::ConstructGameplayTagTree: Construct from data asset -  0.000 s
[2019.01.06-12.58.57:226][  0]LogStats: UGameplayTagsManager::ConstructGameplayTagTree: ImportINI -  0.000 s
[2019.01.06-12.58.57:226][  0]LogStats: UGameplayTagsManager::ConstructGameplayTagTree: GameplayTagTreeChangedEvent.Broadcast -  0.000 s
[2019.01.06-12.58.57:459][  0]LogInit: Initializing FReadOnlyCVARCache
[2019.01.06-12.58.57:473][  0]LogAIModule: Creating AISystem for world Untitled
[2019.01.06-12.58.57:527][  0]LogInit: XAudio2 using 'Hangszórók (Realtek High Definition Audio)' : 2 channels at 48 kHz using 32 bits per sample (channel mask 0x3)
[2019.01.06-12.58.57:551][  0]LogInit: FAudioDevice initialized.
[2019.01.06-12.58.57:551][  0]LogNetVersion: Set ProjectVersion to 1.0.0.0. Version Checksum will be recalculated on next use.
[2019.01.06-12.58.57:622][  0]LogDerivedDataCache: Saved boot cache 0.07s 71MB C:/Users/czimb/AppData/Local/UnrealEngine/4.21/DerivedDataCache/Boot.ddc.
[2019.01.06-12.58.57:632][  0]LogInit: Texture streaming: Enabled
[2019.01.06-12.58.57:647][  0]LogEngineSessionManager: EngineSessionManager initialized
[2019.01.06-12.58.57:660][  0]LogInit: Transaction tracking system initialized
[2019.01.06-12.58.57:681][  0]BlueprintLog: New page: Editor Load
[2019.01.06-12.58.57:770][  0]LocalizationService: Localization service is disabled
[2019.01.06-12.58.58:259][  0]LogFileCache: Scanning file cache for directory 'C:/Users/czimb/Documents/Unreal Projects/GameProject/Content/' took 0.01s
[2019.01.06-12.58.58:259][  0]LogCook: Display: Max memory allowance for cook 16384mb min free memory 0mb
[2019.01.06-12.58.58:259][  0]LogCook: Display: Mobile HDR setting 1
[2019.01.06-12.58.58:259][  0]LogGameplayTags: Display: UGameplayTagsManager::DoneAddingNativeTags. DelegateIsBound: 0
[2019.01.06-12.58.58:259][  0]LogStats: UGameplayTagsManager::ConstructGameplayTagTree: ImportINI prefixes -  0.000 s
[2019.01.06-12.58.58:259][  0]LogStats: UGameplayTagsManager::ConstructGameplayTagTree: Construct from data asset -  0.000 s
[2019.01.06-12.58.58:259][  0]LogStats: UGameplayTagsManager::ConstructGameplayTagTree: ImportINI -  0.000 s
[2019.01.06-12.58.58:259][  0]LogStats: UGameplayTagsManager::ConstructGameplayTagTree: GameplayTagTreeChangedEvent.Broadcast -  0.000 s
[2019.01.06-12.58.58:386][  0]Cmd: MAP LOAD FILE="../../../../../../Users/czimb/Documents/Unreal Projects/GameProject/Content/ThirdPersonBP/Maps/ThirdPersonExampleMap.umap" TEMPLATE=0 SHOWPROGRESS=1 FEATURELEVEL=3
[2019.01.06-12.58.58:387][  0]LightingResults: New page: Lighting Build
[2019.01.06-12.58.58:389][  0]MapCheck: New page: Map Check
[2019.01.06-12.58.58:389][  0]LightingResults: New page: Lighting Build
[2019.01.06-12.58.58:780][  0]LogAIModule: Creating AISystem for world ThirdPersonExampleMap
[2019.01.06-12.58.58:790][  0]LogEditorServer: Finished looking for orphan Actors (0.000 secs)
[2019.01.06-12.58.58:816][  0]Cmd: MAP CHECKDEP NOCLEARLOG
[2019.01.06-12.58.58:816][  0]MapCheck: Map check complete: 0 Error(s), 0 Warning(s), took 0,145ms to complete.
[2019.01.06-12.58.58:816][  0]LogFileHelpers: Loading map 'ThirdPersonExampleMap' took 0.430
[2019.01.06-12.58.58:904][  0]LogSlate: Updating window title bar state: overlay mode, drag disabled, window buttons hidden, title bar hidden
[2019.01.06-12.58.58:914][  0]LogSlate: Updating window title bar state: overlay mode, drag disabled, window buttons hidden, title bar hidden
[2019.01.06-12.58.58:922][  0]LogSlate: Updating window title bar state: overlay mode, drag disabled, window buttons hidden, title bar hidden
[2019.01.06-12.58.58:931][  0]LogSlate: Updating window title bar state: overlay mode, drag disabled, window buttons hidden, title bar hidden
[2019.01.06-12.58.58:938][  0]LogCollectionManager: Loaded 0 collections in 0.001752 seconds
[2019.01.06-12.58.58:967][  0]LogFileCache: Scanning file cache for directory 'C:/Users/czimb/Documents/Unreal Projects/GameProject/Saved/Collections/' took 0.01s
[2019.01.06-12.58.58:967][  0]LogFileCache: Scanning file cache for directory 'C:/Users/czimb/Documents/Unreal Projects/GameProject/Content/Developers/czimb/Collections/' took 0.00s
[2019.01.06-12.58.58:967][  0]LogFileCache: Scanning file cache for directory 'C:/Users/czimb/Documents/Unreal Projects/GameProject/Content/Collections/' took 0.01s
[2019.01.06-12.58.58:967][  0]LogCollectionManager: Rebuilt the GUID cache for 0 collections in 0.000001 seconds
[2019.01.06-12.58.58:982][  0]LogContentBrowser: Native class hierarchy populated in 0.0140 seconds. Added 2648 classes and 615 folders.
[2019.01.06-12.58.58:989][  0]LogContentBrowser: Native class hierarchy updated for 'WidgetCarousel' in 0.0002 seconds. Added 0 classes and 0 folders.
[2019.01.06-12.58.58:991][  0]LogPakFile: Registered encryption key '00000000000000000000000000000000': 0 pak files mounted, 0 remain pending
[2019.01.06-12.58.58:992][  0]LogPakFile: Registered encryption key '00000000000000000000000000000000': 0 pak files mounted, 0 remain pending
[2019.01.06-12.58.58:992][  0]LogPakFile: Registered encryption key '00000000000000000000000000000000': 0 pak files mounted, 0 remain pending
[2019.01.06-12.58.58:993][  0]LogPakFile: Registered encryption key '00000000000000000000000000000000': 0 pak files mounted, 0 remain pending
[2019.01.06-12.58.58:993][  0]LogPakFile: Registered encryption key '00000000000000000000000000000000': 0 pak files mounted, 0 remain pending
[2019.01.06-12.58.58:994][  0]LogPakFile: Registered encryption key '00000000000000000000000000000000': 0 pak files mounted, 0 remain pending
[2019.01.06-12.58.58:995][  0]LogPakFile: Registered encryption key '00000000000000000000000000000000': 0 pak files mounted, 0 remain pending
[2019.01.06-12.58.58:996][  0]LogPakFile: Registered encryption key '00000000000000000000000000000000': 0 pak files mounted, 0 remain pending
[2019.01.06-12.58.58:997][  0]LogPakFile: Registered encryption key '00000000000000000000000000000000': 0 pak files mounted, 0 remain pending
[2019.01.06-12.58.58:997][  0]LogPakFile: Registered encryption key '00000000000000000000000000000000': 0 pak files mounted, 0 remain pending
[2019.01.06-12.58.58:998][  0]LogPakFile: Registered encryption key '00000000000000000000000000000000': 0 pak files mounted, 0 remain pending
[2019.01.06-12.58.58:999][  0]LogPakFile: Registered encryption key '00000000000000000000000000000000': 0 pak files mounted, 0 remain pending
[2019.01.06-12.58.58:999][  0]LogPakFile: Registered encryption key '00000000000000000000000000000000': 0 pak files mounted, 0 remain pending
[2019.01.06-12.58.59:000][  0]LogPakFile: Registered encryption key '00000000000000000000000000000000': 0 pak files mounted, 0 remain pending
[2019.01.06-12.58.59:000][  0]LogPakFile: Registered encryption key '00000000000000000000000000000000': 0 pak files mounted, 0 remain pending
[2019.01.06-12.58.59:000][  0]LogPakFile: Registered encryption key '00000000000000000000000000000000': 0 pak files mounted, 0 remain pending
[2019.01.06-12.58.59:001][  0]LogPakFile: Registered encryption key '00000000000000000000000000000000': 0 pak files mounted, 0 remain pending
[2019.01.06-12.58.59:001][  0]LogPakFile: Registered encryption key '00000000000000000000000000000000': 0 pak files mounted, 0 remain pending
[2019.01.06-12.58.59:002][  0]LogPakFile: Registered encryption key '00000000000000000000000000000000': 0 pak files mounted, 0 remain pending
[2019.01.06-12.58.59:002][  0]LogPakFile: Registered encryption key '00000000000000000000000000000000': 0 pak files mounted, 0 remain pending
[2019.01.06-12.58.59:003][  0]LogPakFile: Registered encryption key '00000000000000000000000000000000': 0 pak files mounted, 0 remain pending
[2019.01.06-12.58.59:003][  0]LogPakFile: Registered encryption key '00000000000000000000000000000000': 0 pak files mounted, 0 remain pending
[2019.01.06-12.58.59:004][  0]LogPakFile: Registered encryption key '00000000000000000000000000000000': 0 pak files mounted, 0 remain pending
[2019.01.06-12.58.59:004][  0]LogPakFile: Registered encryption key '00000000000000000000000000000000': 0 pak files mounted, 0 remain pending
[2019.01.06-12.58.59:005][  0]LogPakFile: Registered encryption key '00000000000000000000000000000000': 0 pak files mounted, 0 remain pending
[2019.01.06-12.58.59:005][  0]LogPakFile: Registered encryption key '00000000000000000000000000000000': 0 pak files mounted, 0 remain pending
[2019.01.06-12.58.59:044][  0]LogContentBrowser: Native class hierarchy updated for 'AddContentDialog' in 0.0002 seconds. Added 0 classes and 0 folders.
[2019.01.06-12.58.59:048][  0]LogContentBrowser: Native class hierarchy updated for 'SceneOutliner' in 0.0004 seconds. Added 1 classes and 2 folders.
[2019.01.06-12.58.59:128][  0]LogSlate: Took 0.000167 seconds to synchronously load lazily loaded font '../../../Engine/Content/Slate/Fonts/Roboto-Regular.ttf' (155K)
[2019.01.06-12.58.59:130][  0]LogSlate: Took 0.000152 seconds to synchronously load lazily loaded font '../../../Engine/Content/Slate/Fonts/Roboto-Bold.ttf' (160K)
[2019.01.06-12.58.59:137][  0]LogSlate: Took 0.000194 seconds to synchronously load lazily loaded font '../../../Engine/Content/Editor/Slate/Fonts/FontAwesome.ttf' (139K)
[2019.01.06-12.58.59:219][  0]LogRenderer: Reallocating scene render targets to support 1208x600 Format 10 NumSamples 1 (Frame:1).
[2019.01.06-12.58.59:325][  0]LogSlate: FSceneViewport::OnFocusLost() reason 2
[2019.01.06-12.58.59:340][  0]LogSlate: Window 'Tutorials' being destroyed
[2019.01.06-12.58.59:373][  0]LogContentBrowser: Native class hierarchy updated for 'HierarchicalLODOutliner' in 0.0002 seconds. Added 0 classes and 0 folders.
[2019.01.06-12.58.59:373][  0]LogLoad: (Engine Initialization) Total time: 9.12 seconds
[2019.01.06-12.58.59:373][  0]LogLoad: (Engine Initialization) Total Blueprint compile time: 0.00 seconds
[2019.01.06-12.58.59:441][  0]LogContentStreaming: Texture pool size now 1000 MB
[2019.01.06-12.58.59:455][  0]LogSlate: Took 0.000153 seconds to synchronously load lazily loaded font '../../../Engine/Content/Slate/Fonts/Roboto-Light.ttf' (167K)
[2019.01.06-12.58.59:633][  2]LogAssetRegistry: Asset discovery search completed in 5.5315 seconds
[2019.01.06-12.58.59:635][  2]LogCollectionManager: Rebuilt the object cache for 0 collections in 0.000000 seconds (found 0 objects)
[2019.01.06-12.58.59:635][  2]LogCollectionManager: Fixed up redirectors for 0 collections in 0.000068 seconds (updated 0 objects)
[2019.01.06-12.59.07:268][133]LogSlate: FSceneViewport::OnFocusLost() reason 2
[2019.01.06-12.59.08:924][327]SourceControl: fatal: C:/Program Files/Epic Games/UE_4.21/Engine/Content: 'C:/Program Files/Epic Games/UE_4.21/Engine/Content' is outside repository
[2019.01.06-12.59.09:030][327]LogFileHelpers: Warning: FilenameToLongPackageName failed to convert '../../../Engine/Plugins/Runtime/Steam/SteamVR/Content/Materials/M_DefaultDevice.uasset'. Attempt result was '../../../Engine/Plugins/Runtime/Steam/SteamVR/Content/Materials/M_DefaultDevice', but the path contains illegal characters '.'
[2019.01.06-12.59.09:032][327]EditorErrors: Warning: No assets to check in!
[2019.01.06-12.59.10:987][556]LogSlate: FSceneViewport::OnFocusLost() reason 2
[2019.01.06-12.59.11:726][644]LogSlate: FSceneViewport::OnFocusLost() reason 2
[2019.01.06-12.59.21:749][836]LogSlate: Window 'Source Control Login' being destroyed
[2019.01.06-12.59.23:727][ 71]LogSlate: FSceneViewport::OnFocusLost() reason 2
[2019.01.06-12.59.24:991][218]SourceControl: fatal: C:/Program Files/Epic Games/UE_4.21/Engine/Content: 'C:/Program Files/Epic Games/UE_4.21/Engine/Content' is outside repository
[2019.01.06-12.59.25:089][218]LogFileHelpers: Warning: FilenameToLongPackageName failed to convert '../../../Engine/Plugins/Runtime/Steam/SteamVR/Content/Materials/M_DefaultDevice.uasset'. Attempt result was '../../../Engine/Plugins/Runtime/Steam/SteamVR/Content/Materials/M_DefaultDevice', but the path contains illegal characters '.'
[2019.01.06-12.59.25:090][218]EditorErrors: Warning: No assets to check in!
[2019.01.06-12.59.28:006][564]LogSlate: FSceneViewport::OnFocusLost() reason 0
